{"name": "test_firstProgram", "status": "failed", "statusDetails": {"message": "AssertionError: Test failed because strings do not match\nassert 'Hello' == 'Hi'\n  - Hi\n  + Hello", "trace": "def test_firstProgram():\n        msg = \"Hello\"\n>       assert msg == \"Hi\", \"Test failed because strings do not match\"\nE       AssertionError: Test failed because strings do not match\nE       assert 'Hello' == 'Hi'\nE         - Hi\nE         + Hello\n\nPython/22-12Mar2024/test_trail.py:6: AssertionError"}, "start": 1711361175653, "stop": 1711361175653, "uuid": "ccdd1925-2826-4f34-b578-cedb8ec872c6", "historyId": "2c308f7e5751d784d7ccda6d2c848cc6", "testCaseId": "2c308f7e5751d784d7ccda6d2c848cc6", "fullName": "Python.22-12Mar2024.test_trail#test_firstProgram", "labels": [{"name": "parentSuite", "value": "Python.22-12Mar2024"}, {"name": "suite", "value": "test_trail"}, {"name": "host", "value": "Jabir"}, {"name": "thread", "value": "59116-MainThread"}, {"name": "framework", "value": "pytest"}, {"name": "language", "value": "cpython3"}, {"name": "package", "value": "Python.22-12Mar2024.test_trail"}]}